<?xml version="1.0" encoding="UTF-8"?>
<!-- Generated by org.testng.reporters.JUnitReportReporter -->
<testsuite skipped="0" hostname="DESKTOP-2RO3DPN" name="com.testing.reports.MyReportTest" tests="2" failures="0" timestamp="02 May 2020 15:21:41 GMT" time="0.015" errors="0">
  <testcase name="testSecond" time="0.000" classname="com.testing.reports.MyReportTest"/>
  <testcase name="testFirst" time="0.015" classname="com.testing.reports.MyReportTest"/>
</testsuite> <!-- com.testing.reports.MyReportTest -->
